<?xml version="1.0" encoding="utf-8"?><testsuites name="pytest tests"><testsuite name="pytest" errors="0" failures="0" skipped="0" tests="20" time="16.059" timestamp="2026-02-12T02:19:33.037539+00:00" hostname="agent-env-62450708-cc3b-48dc-b1ad-6ed442909d0a"><testcase classname="backend.tests.test_residence_endpoints.TestResidenceCountries" name="test_get_countries_returns_list" time="0.496" /><testcase classname="backend.tests.test_residence_endpoints.TestResidenceCountries" name="test_get_countries_has_required_fields" time="0.460" /><testcase classname="backend.tests.test_residence_endpoints.TestResidenceCountries" name="test_get_countries_includes_common_countries" time="0.454" /><testcase classname="backend.tests.test_residence_endpoints.TestResidenceStats" name="test_get_stats_returns_valid_structure" time="0.462" /><testcase classname="backend.tests.test_residence_endpoints.TestResidenceStats" name="test_get_stats_year_parameter" time="0.346" /><testcase classname="backend.tests.test_residence_endpoints.TestResidenceStats" name="test_get_stats_countries_have_required_fields" time="0.463" /><testcase classname="backend.tests.test_residence_endpoints.TestResidenceStats" name="test_get_stats_threshold_calculation" time="0.461" /><testcase classname="backend.tests.test_residence_endpoints.TestResidenceDayPresence" name="test_add_single_day_presence" time="0.816" /><testcase classname="backend.tests.test_residence_endpoints.TestResidenceDayPresence" name="test_add_day_updates_existing" time="1.588" /><testcase classname="backend.tests.test_residence_endpoints.TestResidenceDayPresence" name="test_add_day_without_notes" time="1.156" /><testcase classname="backend.tests.test_residence_endpoints.TestResidenceBulkDays" name="test_add_bulk_days_success" time="2.935" /><testcase classname="backend.tests.test_residence_endpoints.TestResidenceBulkDays" name="test_bulk_days_invalid_date_range" time="0.462" /><testcase classname="backend.tests.test_residence_endpoints.TestResidenceBulkDays" name="test_bulk_days_max_90_days_limit" time="0.463" /><testcase classname="backend.tests.test_residence_endpoints.TestResidenceDeleteDay" name="test_delete_day_success" time="1.160" /><testcase classname="backend.tests.test_residence_endpoints.TestResidenceDeleteDay" name="test_delete_nonexistent_day_returns_404" time="0.449" /><testcase classname="backend.tests.test_residence_endpoints.TestResidenceGetDays" name="test_get_days_by_year" time="0.353" /><testcase classname="backend.tests.test_residence_endpoints.TestResidenceGetDays" name="test_get_days_by_year_and_month" time="0.348" /><testcase classname="backend.tests.test_residence_endpoints.TestResidenceGetDays" name="test_get_days_has_required_fields" time="0.355" /><testcase classname="backend.tests.test_residence_endpoints.TestResidenceWarnings" name="test_no_warnings_below_threshold" time="0.464" /><testcase classname="backend.tests.test_residence_endpoints.TestResidenceIntegration" name="test_full_crud_flow" time="2.283" /></testsuite></testsuites>