<?xml version="1.0" encoding="utf-8"?><testsuites name="pytest tests"><testsuite name="pytest" errors="0" failures="0" skipped="0" tests="13" time="23.836" timestamp="2026-02-13T01:53:51.218789+00:00" hostname="agent-env-679db0ec-b134-4db5-ace7-6b301a42f1df"><testcase classname="backend.tests.test_residence_put_endpoint.TestResidencePutEndpoint" name="test_put_update_country" time="1.418" /><testcase classname="backend.tests.test_residence_put_endpoint.TestResidencePutEndpoint" name="test_put_update_status" time="1.578" /><testcase classname="backend.tests.test_residence_put_endpoint.TestResidencePutEndpoint" name="test_put_update_notes" time="1.704" /><testcase classname="backend.tests.test_residence_put_endpoint.TestResidencePutEndpoint" name="test_put_update_multiple_fields" time="1.691" /><testcase classname="backend.tests.test_residence_put_endpoint.TestResidencePutEndpoint" name="test_put_nonexistent_date_returns_404" time="0.767" /><testcase classname="backend.tests.test_residence_put_endpoint.TestResidencePutEndpoint" name="test_put_preserves_unchanged_fields" time="1.168" /><testcase classname="backend.tests.test_residence_put_endpoint.TestResidencePutEndpoint" name="test_put_updates_updatedAt_timestamp" time="1.465" /><testcase classname="backend.tests.test_residence_put_endpoint.TestResidencePutEndpoint" name="test_put_verify_persistence_via_get" time="2.050" /><testcase classname="backend.tests.test_residence_put_endpoint.TestResidencePutEndpoint" name="test_put_empty_payload" time="1.479" /><testcase classname="backend.tests.test_residence_put_endpoint.TestResidencePutIntegration" name="test_create_put_delete_flow" time="2.475" /><testcase classname="backend.tests.test_residence_put_endpoint.TestResidencePutIntegration" name="test_put_vs_post_update_behavior" time="2.367" /><testcase classname="backend.tests.test_residence_put_endpoint.TestResidenceStatsAfterPut" name="test_stats_update_after_country_change" time="2.959" /><testcase classname="backend.tests.test_residence_put_endpoint.TestResidenceStatsAfterPut" name="test_stats_confirmed_manual_count_after_put" time="2.647" /></testsuite></testsuites>