<?xml version="1.0" encoding="utf-8"?><testsuites name="pytest tests"><testsuite name="pytest" errors="0" failures="0" skipped="0" tests="25" time="12.991" timestamp="2026-02-06T12:53:39.702161+00:00" hostname="agent-env-450a3b5f-a023-411c-914d-f933e360ca34"><testcase classname="backend.tests.test_admin_endpoints.TestAdminAuth" name="test_login_correct_credentials" time="0.760" /><testcase classname="backend.tests.test_admin_endpoints.TestAdminAuth" name="test_login_wrong_password" time="0.678" /><testcase classname="backend.tests.test_admin_endpoints.TestAdminAuth" name="test_login_invalid_email" time="0.452" /><testcase classname="backend.tests.test_admin_endpoints.TestMetrics" name="test_get_metrics_returns_all_fields" time="0.349" /><testcase classname="backend.tests.test_admin_endpoints.TestUsersList" name="test_get_users_list" time="0.465" /><testcase classname="backend.tests.test_admin_endpoints.TestUsersList" name="test_filter_by_circuit_atp" time="0.345" /><testcase classname="backend.tests.test_admin_endpoints.TestUsersList" name="test_filter_by_circuit_wta" time="0.457" /><testcase classname="backend.tests.test_admin_endpoints.TestUsersList" name="test_search_by_name" time="0.351" /><testcase classname="backend.tests.test_admin_endpoints.TestUsersList" name="test_search_by_email" time="0.359" /><testcase classname="backend.tests.test_admin_endpoints.TestUsersList" name="test_filter_by_status_suspended" time="0.454" /><testcase classname="backend.tests.test_admin_endpoints.TestUsersList" name="test_pagination" time="0.447" /><testcase classname="backend.tests.test_admin_endpoints.TestUserDetail" name="test_get_user_001_detail" time="0.483" /><testcase classname="backend.tests.test_admin_endpoints.TestUserDetail" name="test_get_user_005_detail_with_staff" time="0.342" /><testcase classname="backend.tests.test_admin_endpoints.TestUserDetail" name="test_get_nonexistent_user" time="0.454" /><testcase classname="backend.tests.test_admin_endpoints.TestUserStatusManagement" name="test_suspend_user" time="0.800" /><testcase classname="backend.tests.test_admin_endpoints.TestUserStatusManagement" name="test_reactivate_user" time="0.805" /><testcase classname="backend.tests.test_admin_endpoints.TestUserStatusManagement" name="test_invalid_status_returns_400" time="0.455" /><testcase classname="backend.tests.test_admin_endpoints.TestPasswordReset" name="test_reset_user_password" time="0.613" /><testcase classname="backend.tests.test_admin_endpoints.TestPasswordReset" name="test_reset_staff_password" time="0.664" /><testcase classname="backend.tests.test_admin_endpoints.TestPasswordReset" name="test_reset_password_nonexistent_user" time="0.353" /><testcase classname="backend.tests.test_admin_endpoints.TestPasswordReset" name="test_reset_password_nonexistent_staff" time="0.347" /><testcase classname="backend.tests.test_admin_endpoints.TestUserDelete" name="test_delete_user" time="1.302" /><testcase classname="backend.tests.test_admin_endpoints.TestUserDelete" name="test_delete_nonexistent_user" time="0.451" /><testcase classname="backend.tests.test_admin_endpoints.TestActivityLogs" name="test_get_recent_activity" time="0.347" /><testcase classname="backend.tests.test_admin_endpoints.TestActivityLogs" name="test_activity_limit_param" time="0.344" /></testsuite></testsuites>