<?xml version="1.0" encoding="utf-8"?><testsuites name="pytest tests"><testsuite name="pytest" errors="0" failures="0" skipped="0" tests="26" time="18.575" timestamp="2026-02-10T03:59:14.771261+00:00" hostname="agent-env-8b18b3cd-ad3f-437c-b2d5-7dfe0c9630fc"><testcase classname="backend.tests.test_invitation_endpoints.TestInvitationCreate" name="test_create_invitation_success" time="0.495" /><testcase classname="backend.tests.test_invitation_endpoints.TestInvitationCreate" name="test_create_invitation_duplicate_returns_existing" time="0.820" /><testcase classname="backend.tests.test_invitation_endpoints.TestInvitationCreate" name="test_create_invitation_different_roles" time="2.895" /><testcase classname="backend.tests.test_invitation_endpoints.TestInvitationCreate" name="test_create_invitation_invalid_email" time="0.458" /><testcase classname="backend.tests.test_invitation_endpoints.TestInvitationGetByToken" name="test_get_invitation_by_token_success" time="0.446" /><testcase classname="backend.tests.test_invitation_endpoints.TestInvitationGetByToken" name="test_get_invitation_invalid_token" time="0.480" /><testcase classname="backend.tests.test_invitation_endpoints.TestInvitationMarkViewed" name="test_mark_invitation_viewed" time="0.456" /><testcase classname="backend.tests.test_invitation_endpoints.TestInvitationMarkViewed" name="test_mark_viewed_already_viewed" time="0.342" /><testcase classname="backend.tests.test_invitation_endpoints.TestInvitationMarkViewed" name="test_verify_viewed_at_set" time="0.444" /><testcase classname="backend.tests.test_invitation_endpoints.TestInvitationPlayerList" name="test_get_player_invitations" time="0.344" /><testcase classname="backend.tests.test_invitation_endpoints.TestInvitationResend" name="test_resend_invitation" time="0.455" /><testcase classname="backend.tests.test_invitation_endpoints.TestInvitationResend" name="test_verify_reminder_count_incremented" time="0.447" /><testcase classname="backend.tests.test_invitation_endpoints.TestInvitationResend" name="test_resend_invalid_id" time="0.355" /><testcase classname="backend.tests.test_invitation_endpoints.TestInvitationCancel" name="test_cancel_invitation" time="1.216" /><testcase classname="backend.tests.test_invitation_endpoints.TestInvitationCancel" name="test_verify_cancelled_status" time="0.459" /><testcase classname="backend.tests.test_invitation_endpoints.TestInvitationCancel" name="test_cancel_already_cancelled" time="0.661" /><testcase classname="backend.tests.test_invitation_endpoints.TestStaffSignup" name="test_signup_with_valid_token" time="1.236" /><testcase classname="backend.tests.test_invitation_endpoints.TestStaffSignup" name="test_signup_invalid_token" time="0.460" /><testcase classname="backend.tests.test_invitation_endpoints.TestStaffSignup" name="test_signup_already_used_token" time="0.358" /><testcase classname="backend.tests.test_invitation_endpoints.TestStaffSignup" name="test_verify_invitation_accepted" time="0.344" /><testcase classname="backend.tests.test_invitation_endpoints.TestStaffList" name="test_get_player_staff" time="0.656" /><testcase classname="backend.tests.test_invitation_endpoints.TestStaffRemove" name="test_remove_staff_member" time="0.357" /><testcase classname="backend.tests.test_invitation_endpoints.TestStaffRemove" name="test_verify_staff_removed" time="0.344" /><testcase classname="backend.tests.test_invitation_endpoints.TestStaffRemove" name="test_remove_invalid_id" time="0.812" /><testcase classname="backend.tests.test_invitation_endpoints.TestInvitationPermissions" name="test_tennis_coach_permissions" time="1.886" /><testcase classname="backend.tests.test_invitation_endpoints.TestInvitationPermissions" name="test_agent_permissions" time="1.248" /></testsuite></testsuites>