<?xml version="1.0" encoding="utf-8"?><testsuites name="pytest tests"><testsuite name="pytest" errors="0" failures="0" skipped="0" tests="26" time="42.742" timestamp="2026-02-11T04:38:52.109646+00:00" hostname="agent-env-7b4839df-4bfd-41d3-b27e-d112c71de902"><testcase classname="backend.tests.test_document_crud.TestDocumentList" name="test_get_documents_list_success" time="0.480" /><testcase classname="backend.tests.test_document_crud.TestDocumentList" name="test_get_documents_returns_correct_fields" time="0.448" /><testcase classname="backend.tests.test_document_crud.TestDocumentList" name="test_get_documents_with_category_filter" time="1.231" /><testcase classname="backend.tests.test_document_crud.TestDocumentList" name="test_get_documents_with_date_filter" time="0.450" /><testcase classname="backend.tests.test_document_crud.TestDocumentList" name="test_get_documents_with_pagination" time="0.344" /><testcase classname="backend.tests.test_document_crud.TestDocumentCreate" name="test_create_document_full_fields" time="0.787" /><testcase classname="backend.tests.test_document_crud.TestDocumentCreate" name="test_create_document_minimal_fields" time="0.798" /><testcase classname="backend.tests.test_document_crud.TestDocumentCreate" name="test_create_document_with_each_category" time="8.509" /><testcase classname="backend.tests.test_document_crud.TestDocumentCreate" name="test_create_and_verify_persistence" time="1.126" /><testcase classname="backend.tests.test_document_crud.TestDocumentGetSingle" name="test_get_document_by_id_success" time="1.237" /><testcase classname="backend.tests.test_document_crud.TestDocumentGetSingle" name="test_get_document_not_found" time="0.443" /><testcase classname="backend.tests.test_document_crud.TestDocumentGetSingle" name="test_get_document_invalid_id" time="0.782" /><testcase classname="backend.tests.test_document_crud.TestDocumentUpdate" name="test_update_document_single_field" time="1.473" /><testcase classname="backend.tests.test_document_crud.TestDocumentUpdate" name="test_update_document_multiple_fields" time="1.570" /><testcase classname="backend.tests.test_document_crud.TestDocumentUpdate" name="test_update_document_date" time="1.904" /><testcase classname="backend.tests.test_document_crud.TestDocumentUpdate" name="test_update_document_not_found" time="0.440" /><testcase classname="backend.tests.test_document_crud.TestDocumentDelete" name="test_delete_document_success" time="1.547" /><testcase classname="backend.tests.test_document_crud.TestDocumentDelete" name="test_delete_document_not_found" time="0.446" /><testcase classname="backend.tests.test_document_crud.TestDocumentDelete" name="test_delete_document_invalid_id" time="0.342" /><testcase classname="backend.tests.test_document_crud.TestOCRAnalyzeBase64" name="test_analyze_base64_endpoint_exists" time="0.547" /><testcase classname="backend.tests.test_document_crud.TestOCRAnalyzeBase64" name="test_analyze_base64_with_invalid_base64" time="0.445" /><testcase classname="backend.tests.test_document_crud.TestOCRAnalyzeBase64" name="test_analyze_base64_with_minimal_image" time="10.543" /><testcase classname="backend.tests.test_document_crud.TestDocumentIntegration" name="test_full_crud_lifecycle" time="2.812" /><testcase classname="backend.tests.test_document_crud.TestDocumentIntegration" name="test_documents_in_list_after_create" time="1.342" /><testcase classname="backend.tests.test_document_crud.TestDocumentStats" name="test_stats_returns_correct_structure" time="0.355" /><testcase classname="backend.tests.test_document_crud.TestDocumentStats" name="test_stats_reflect_new_document" time="2.240" /></testsuite></testsuites>