<?xml version="1.0" encoding="utf-8"?><testsuites name="pytest tests"><testsuite name="pytest" errors="0" failures="0" skipped="0" tests="23" time="21.922" timestamp="2026-02-12T02:36:05.465795+00:00" hostname="agent-env-62450708-cc3b-48dc-b1ad-6ed442909d0a"><testcase classname="backend.tests.test_residence_endpoints.TestResidenceCountries" name="test_get_countries_returns_list" time="0.483" /><testcase classname="backend.tests.test_residence_endpoints.TestResidenceCountries" name="test_get_countries_has_required_fields" time="0.460" /><testcase classname="backend.tests.test_residence_endpoints.TestResidenceCountries" name="test_get_countries_includes_common_countries" time="0.466" /><testcase classname="backend.tests.test_residence_endpoints.TestResidenceStats" name="test_get_stats_returns_valid_structure" time="0.349" /><testcase classname="backend.tests.test_residence_endpoints.TestResidenceStats" name="test_get_stats_year_parameter" time="0.465" /><testcase classname="backend.tests.test_residence_endpoints.TestResidenceStats" name="test_get_stats_countries_have_required_fields" time="0.463" /><testcase classname="backend.tests.test_residence_endpoints.TestResidenceStats" name="test_get_stats_threshold_calculation" time="0.777" /><testcase classname="backend.tests.test_residence_endpoints.TestResidenceDayPresence" name="test_add_single_day_presence" time="0.710" /><testcase classname="backend.tests.test_residence_endpoints.TestResidenceDayPresence" name="test_add_day_updates_existing" time="1.260" /><testcase classname="backend.tests.test_residence_endpoints.TestResidenceDayPresence" name="test_add_day_without_notes" time="0.834" /><testcase classname="backend.tests.test_residence_endpoints.TestResidenceBulkDays" name="test_add_bulk_days_success" time="3.158" /><testcase classname="backend.tests.test_residence_endpoints.TestResidenceBulkDays" name="test_bulk_days_invalid_date_range" time="0.347" /><testcase classname="backend.tests.test_residence_endpoints.TestResidenceBulkDays" name="test_bulk_days_max_90_days_limit" time="0.469" /><testcase classname="backend.tests.test_residence_endpoints.TestResidenceDeleteDay" name="test_delete_day_success" time="0.703" /><testcase classname="backend.tests.test_residence_endpoints.TestResidenceDeleteDay" name="test_delete_nonexistent_day_returns_404" time="0.460" /><testcase classname="backend.tests.test_residence_endpoints.TestResidenceGetDays" name="test_get_days_by_year" time="0.351" /><testcase classname="backend.tests.test_residence_endpoints.TestResidenceGetDays" name="test_get_days_by_year_and_month" time="0.664" /><testcase classname="backend.tests.test_residence_endpoints.TestResidenceGetDays" name="test_get_days_has_required_fields" time="0.776" /><testcase classname="backend.tests.test_residence_endpoints.TestResidenceWarnings" name="test_no_warnings_below_threshold" time="0.672" /><testcase classname="backend.tests.test_residence_endpoints.TestResidenceIntegration" name="test_full_crud_flow" time="2.177" /><testcase classname="backend.tests.test_residence_endpoints.TestResidencePhase2GPS" name="test_add_day_with_confirmed_status" time="1.125" /><testcase classname="backend.tests.test_residence_endpoints.TestResidencePhase2GPS" name="test_stats_track_confirmed_vs_manual_days" time="3.237" /><testcase classname="backend.tests.test_residence_endpoints.TestResidencePhase2GPS" name="test_double_registration_updates_existing" time="1.427" /></testsuite></testsuites>