<?xml version="1.0" encoding="utf-8"?><testsuites name="pytest tests"><testsuite name="pytest" errors="0" failures="0" skipped="0" tests="22" time="18.638" timestamp="2026-02-11T03:49:26.733087+00:00" hostname="agent-env-7b4839df-4bfd-41d3-b27e-d112c71de902"><testcase classname="backend.tests.test_tournament_hide_unhide.TestHideTournament" name="test_hide_tournament_success" time="0.938" /><testcase classname="backend.tests.test_tournament_hide_unhide.TestHideTournament" name="test_hide_tournament_removes_registration" time="2.715" /><testcase classname="backend.tests.test_tournament_hide_unhide.TestHideTournament" name="test_hide_tournament_idempotent" time="1.115" /><testcase classname="backend.tests.test_tournament_hide_unhide.TestHideTournament" name="test_hide_tournament_missing_tournament_id" time="0.756" /><testcase classname="backend.tests.test_tournament_hide_unhide.TestUnhideTournament" name="test_unhide_tournament_success" time="1.131" /><testcase classname="backend.tests.test_tournament_hide_unhide.TestUnhideTournament" name="test_unhide_tournament_sets_hidden_false" time="1.927" /><testcase classname="backend.tests.test_tournament_hide_unhide.TestUnhideTournament" name="test_unhide_nonexistent_tournament" time="0.346" /><testcase classname="backend.tests.test_tournament_hide_unhide.TestTournamentWeeksData" name="test_weeks_returns_weeks_array" time="0.460" /><testcase classname="backend.tests.test_tournament_hide_unhide.TestTournamentWeeksData" name="test_weeks_returns_total_tournaments_count" time="0.359" /><testcase classname="backend.tests.test_tournament_hide_unhide.TestTournamentWeeksData" name="test_weeks_tournament_has_country_field" time="0.461" /><testcase classname="backend.tests.test_tournament_hide_unhide.TestTournamentWeeksData" name="test_weeks_tournament_has_hidden_field" time="0.357" /><testcase classname="backend.tests.test_tournament_hide_unhide.TestTournamentWeeksData" name="test_weeks_tournament_has_registration_field" time="0.682" /><testcase classname="backend.tests.test_tournament_hide_unhide.TestTournamentWeeksData" name="test_weeks_tournament_has_prize_money" time="0.785" /><testcase classname="backend.tests.test_tournament_hide_unhide.TestTournamentWeeksData" name="test_weeks_tournament_has_date_fields" time="0.676" /><testcase classname="backend.tests.test_tournament_hide_unhide.TestTournamentListData" name="test_tournaments_have_country_field" time="0.240" /><testcase classname="backend.tests.test_tournament_hide_unhide.TestTournamentListData" name="test_tournaments_have_prize_money_field" time="0.655" /><testcase classname="backend.tests.test_tournament_hide_unhide.TestTournamentListData" name="test_tournaments_have_date_fields" time="0.559" /><testcase classname="backend.tests.test_tournament_hide_unhide.TestTournamentListData" name="test_tournaments_have_currency_field" time="0.342" /><testcase classname="backend.tests.test_tournament_hide_unhide.TestCountryFlagMapping" name="test_most_countries_are_mappable" time="0.574" /><testcase classname="backend.tests.test_tournament_hide_unhide.TestCountryFlagMapping" name="test_common_countries_are_mappable" time="0.000" /><testcase classname="backend.tests.test_tournament_hide_unhide.TestHiddenTournamentsInWeeks" name="test_hidden_tournament_shows_hidden_true" time="1.261" /><testcase classname="backend.tests.test_tournament_hide_unhide.TestHiddenTournamentsInWeeks" name="test_unhidden_tournament_shows_hidden_false" time="2.212" /></testsuite></testsuites>