<?xml version="1.0" encoding="utf-8"?><testsuites name="pytest tests"><testsuite name="pytest" errors="0" failures="1" skipped="0" tests="46" time="28.131" timestamp="2026-02-10T04:21:02.385194+00:00" hostname="agent-env-8b18b3cd-ad3f-437c-b2d5-7dfe0c9630fc"><testcase classname="backend.tests.test_tournament_endpoints.TestTournamentStats" name="test_stats_returns_correct_total" time="0.532" /><testcase classname="backend.tests.test_tournament_endpoints.TestTournamentStats" name="test_stats_returns_correct_circuit_breakdown" time="0.844" /><testcase classname="backend.tests.test_tournament_endpoints.TestTournamentStats" name="test_stats_circuit_sum_equals_total" time="0.508" /><testcase classname="backend.tests.test_tournament_endpoints.TestTournamentListFiltering" name="test_list_atp_tournaments_only" time="0.541" /><testcase classname="backend.tests.test_tournament_endpoints.TestTournamentListFiltering" name="test_list_wta_tournaments_only" time="0.489" /><testcase classname="backend.tests.test_tournament_endpoints.TestTournamentListFiltering" name="test_list_itf_tournaments_only" time="0.643" /><testcase classname="backend.tests.test_tournament_endpoints.TestTournamentListFiltering" name="test_list_multiple_circuits_atp_wta" time="0.956" /><testcase classname="backend.tests.test_tournament_endpoints.TestTournamentListFiltering" name="test_list_all_circuits" time="1.031" /><testcase classname="backend.tests.test_tournament_endpoints.TestTournamentListFiltering" name="test_list_tournaments_without_filter" time="0.763" /><testcase classname="backend.tests.test_tournament_endpoints.TestTournamentListFiltering" name="test_list_tournaments_with_limit" time="0.841" /><testcase classname="backend.tests.test_tournament_endpoints.TestTournamentListFiltering" name="test_list_tournaments_with_skip" time="1.517" /><testcase classname="backend.tests.test_tournament_endpoints.TestTournamentDataStructure" name="test_tournament_has_required_fields" time="0.354" /><testcase classname="backend.tests.test_tournament_endpoints.TestTournamentDataStructure" name="test_atp_tournament_structure" time="0.778" /><testcase classname="backend.tests.test_tournament_endpoints.TestTournamentDataStructure" name="test_itf_tournament_has_urls" time="0.410" /><testcase classname="backend.tests.test_tournament_endpoints.TestUserTournaments" name="test_user_tournaments_valid_user" time="0.826" /><testcase classname="backend.tests.test_tournament_endpoints.TestUserTournaments" name="test_user_tournaments_invalid_user_id" time="0.531" /><testcase classname="backend.tests.test_tournament_endpoints.TestUserTournaments" name="test_user_tournaments_nonexistent_user" time="0.460" /><testcase classname="backend.tests.test_tournament_endpoints.TestUserTournaments" name="test_user_tournaments_returns_sorted_by_date" time="0.262" /><testcase classname="backend.tests.test_tournament_endpoints.TestTournamentWeeks" name="test_weeks_returns_grouped_tournaments" time="0.477" /><testcase classname="backend.tests.test_tournament_endpoints.TestTournamentWeeks" name="test_weeks_structure" time="0.729" /><testcase classname="backend.tests.test_tournament_endpoints.TestTournamentWeeks" name="test_weeks_tournament_has_registration_and_hidden" time="0.345" /><testcase classname="backend.tests.test_tournament_endpoints.TestTournamentWeeks" name="test_weeks_filter_by_atp" time="0.472" /><testcase classname="backend.tests.test_tournament_endpoints.TestTournamentWeeks" name="test_weeks_filter_by_wta" time="0.353" /><testcase classname="backend.tests.test_tournament_endpoints.TestTournamentWeeks" name="test_weeks_filter_by_itf" time="0.603" /><testcase classname="backend.tests.test_tournament_endpoints.TestTournamentWeeks" name="test_weeks_filter_by_multiple_circuits" time="0.570" /><testcase classname="backend.tests.test_tournament_endpoints.TestTournamentRegistration" name="test_register_interested_status" time="0.450" /><testcase classname="backend.tests.test_tournament_endpoints.TestTournamentRegistration" name="test_register_pending_status" time="0.835" /><testcase classname="backend.tests.test_tournament_endpoints.TestTournamentRegistration" name="test_register_accepted_status" time="0.353" /><testcase classname="backend.tests.test_tournament_endpoints.TestTournamentRegistration" name="test_register_participating_status" time="0.360"><failure message="assert 520 == 200&#10; +  where 520 = &lt;Response [520]&gt;.status_code">backend/tests/test_tournament_endpoints.py:392: in test_register_participating_status
    assert response.status_code == 200
E   assert 520 == 200
E    +  where 520 = &lt;Response [520]&gt;.status_code</failure></testcase><testcase classname="backend.tests.test_tournament_endpoints.TestTournamentRegistration" name="test_register_declined_status" time="0.342" /><testcase classname="backend.tests.test_tournament_endpoints.TestTournamentRegistration" name="test_register_invalid_status" time="0.354" /><testcase classname="backend.tests.test_tournament_endpoints.TestTournamentRegistration" name="test_register_nonexistent_tournament" time="0.359" /><testcase classname="backend.tests.test_tournament_endpoints.TestTournamentRegistration" name="test_register_missing_tournament_id" time="0.816" /><testcase classname="backend.tests.test_tournament_endpoints.TestTournamentRegistration" name="test_register_missing_status" time="0.355" /><testcase classname="backend.tests.test_tournament_endpoints.TestTournamentHide" name="test_hide_tournament" time="0.476" /><testcase classname="backend.tests.test_tournament_endpoints.TestTournamentHide" name="test_unhide_tournament" time="0.801" /><testcase classname="backend.tests.test_tournament_endpoints.TestTournamentCountVerification" name="test_atp_count_is_60" time="0.750" /><testcase classname="backend.tests.test_tournament_endpoints.TestTournamentCountVerification" name="test_wta_count_is_52" time="0.349" /><testcase classname="backend.tests.test_tournament_endpoints.TestTournamentCountVerification" name="test_itf_count_is_116" time="0.592" /><testcase classname="backend.tests.test_tournament_endpoints.TestTournamentCountVerification" name="test_total_count_is_228" time="0.595" /><testcase classname="backend.tests.test_tournament_endpoints.TestTournamentFilters" name="test_filter_by_surface_hard" time="0.368" /><testcase classname="backend.tests.test_tournament_endpoints.TestTournamentFilters" name="test_filter_by_surface_clay" time="0.672" /><testcase classname="backend.tests.test_tournament_endpoints.TestTournamentFilters" name="test_filter_by_country" time="0.450" /><testcase classname="backend.tests.test_tournament_endpoints.TestTournamentFilters" name="test_filter_by_week" time="0.656" /><testcase classname="backend.tests.test_tournament_endpoints.TestTournamentFilters" name="test_filter_by_category" time="0.460" /><testcase classname="backend.tests.test_tournament_endpoints.TestTournamentFilters" name="test_combined_filters" time="1.656" /></testsuite></testsuites>