<?xml version="1.0" encoding="utf-8"?><testsuites name="pytest tests"><testsuite name="pytest" errors="0" failures="5" skipped="0" tests="19" time="14.415" timestamp="2026-02-06T04:28:40.190222+00:00" hostname="agent-env-450a3b5f-a023-411c-914d-f933e360ca34"><testcase classname="tests.test_email_endpoints.TestHealthEndpoint" name="test_health_returns_200" time="0.491" /><testcase classname="tests.test_email_endpoints.TestGenericEmailEndpoint" name="test_send_email_missing_fields" time="0.463" /><testcase classname="tests.test_email_endpoints.TestGenericEmailEndpoint" name="test_send_email_partial_fields" time="0.464" /><testcase classname="tests.test_email_endpoints.TestGenericEmailEndpoint" name="test_send_email_to_unverified_address" time="0.711"><failure message="AssertionError: Expected 500, got 520&#10;assert 520 == 500&#10; +  where 520 = &lt;Response [520]&gt;.status_code">tests/test_email_endpoints.py:64: in test_send_email_to_unverified_address
    assert response.status_code == 500, f"Expected 500, got {response.status_code}"
E   AssertionError: Expected 500, got 520
E   assert 520 == 500
E    +  where 520 = &lt;Response [520]&gt;.status_code</failure></testcase><testcase classname="tests.test_email_endpoints.TestGenericEmailEndpoint" name="test_send_email_to_verified_address" time="0.920" /><testcase classname="tests.test_email_endpoints.TestTournamentAlertEndpoint" name="test_tournament_alert_missing_fields" time="0.346" /><testcase classname="tests.test_email_endpoints.TestTournamentAlertEndpoint" name="test_tournament_alert_partial_fields" time="0.775" /><testcase classname="tests.test_email_endpoints.TestTournamentAlertEndpoint" name="test_tournament_alert_to_unverified_address" time="1.012"><failure message="AssertionError: Expected 500, got 520&#10;assert 520 == 500&#10; +  where 520 = &lt;Response [520]&gt;.status_code">tests/test_email_endpoints.py:127: in test_tournament_alert_to_unverified_address
    assert response.status_code == 500, f"Expected 500, got {response.status_code}"
E   AssertionError: Expected 500, got 520
E   assert 520 == 500
E    +  where 520 = &lt;Response [520]&gt;.status_code</failure></testcase><testcase classname="tests.test_email_endpoints.TestTournamentAlertEndpoint" name="test_tournament_alert_to_verified_address" time="0.743" /><testcase classname="tests.test_email_endpoints.TestTournamentAlertEndpoint" name="test_tournament_alert_response_structure" time="0.894" /><testcase classname="tests.test_email_endpoints.TestObservationNotificationEndpoint" name="test_observation_notification_missing_fields" time="0.696" /><testcase classname="tests.test_email_endpoints.TestObservationNotificationEndpoint" name="test_observation_notification_partial_fields" time="0.477" /><testcase classname="tests.test_email_endpoints.TestObservationNotificationEndpoint" name="test_observation_notification_to_unverified_address" time="0.587"><failure message="AssertionError: Expected 500, got 520&#10;assert 520 == 500&#10; +  where 520 = &lt;Response [520]&gt;.status_code">tests/test_email_endpoints.py:215: in test_observation_notification_to_unverified_address
    assert response.status_code == 500, f"Expected 500, got {response.status_code}"
E   AssertionError: Expected 500, got 520
E   assert 520 == 500
E    +  where 520 = &lt;Response [520]&gt;.status_code</failure></testcase><testcase classname="tests.test_email_endpoints.TestObservationNotificationEndpoint" name="test_observation_notification_to_verified_address" time="1.040" /><testcase classname="tests.test_email_endpoints.TestObservationNotificationEndpoint" name="test_observation_notification_response_structure" time="0.972" /><testcase classname="tests.test_email_endpoints.TestEmailEndpointEdgeCases" name="test_invalid_email_format_generic" time="0.715"><failure message="AssertionError: Expected 422 or 500, got 520&#10;assert 520 in [422, 500]&#10; +  where 520 = &lt;Response [520]&gt;.status_code">tests/test_email_endpoints.py:279: in test_invalid_email_format_generic
    assert response.status_code in [422, 500], f"Expected 422 or 500, got {response.status_code}"
E   AssertionError: Expected 422 or 500, got 520
E   assert 520 in [422, 500]
E    +  where 520 = &lt;Response [520]&gt;.status_code</failure></testcase><testcase classname="tests.test_email_endpoints.TestEmailEndpointEdgeCases" name="test_empty_html_content" time="0.984"><failure message="AssertionError: Unexpected status 520&#10;assert 520 in [200, 422, 500]&#10; +  where 520 = &lt;Response [520]&gt;.status_code">tests/test_email_endpoints.py:293: in test_empty_html_content
    assert response.status_code in [200, 422, 500], f"Unexpected status {response.status_code}"
E   AssertionError: Unexpected status 520
E   assert 520 in [200, 422, 500]
E    +  where 520 = &lt;Response [520]&gt;.status_code</failure></testcase><testcase classname="tests.test_email_endpoints.TestEmailEndpointEdgeCases" name="test_long_observation_text" time="1.032" /><testcase classname="tests.test_email_endpoints.TestEmailEndpointEdgeCases" name="test_special_characters_in_fields" time="0.987" /></testsuite></testsuites>