<?xml version="1.0" encoding="utf-8"?><testsuites name="pytest tests"><testsuite name="pytest" errors="0" failures="0" skipped="0" tests="18" time="16.548" timestamp="2026-02-10T05:11:59.202711+00:00" hostname="agent-env-7b4839df-4bfd-41d3-b27e-d112c71de902"><testcase classname="backend.tests.test_bug_fixes.TestOnboardingCreateUser" name="test_create_user_with_all_fields" time="0.486" /><testcase classname="backend.tests.test_bug_fixes.TestOnboardingCreateUser" name="test_create_user_minimal_fields" time="0.818" /><testcase classname="backend.tests.test_bug_fixes.TestOnboardingCreateUser" name="test_create_user_with_null_residenceFiscale" time="0.460" /><testcase classname="backend.tests.test_bug_fixes.TestGetUserByEmail" name="test_get_user_by_email_success" time="1.577" /><testcase classname="backend.tests.test_bug_fixes.TestGetUserByEmail" name="test_get_user_by_email_not_found" time="1.070" /><testcase classname="backend.tests.test_bug_fixes.TestUpdateProfile" name="test_update_classement" time="1.273" /><testcase classname="backend.tests.test_bug_fixes.TestUpdateProfile" name="test_update_residenceFiscale" time="1.865" /><testcase classname="backend.tests.test_bug_fixes.TestUpdateProfile" name="test_update_email" time="1.565" /><testcase classname="backend.tests.test_bug_fixes.TestUpdateProfile" name="test_update_multiple_fields" time="1.228" /><testcase classname="backend.tests.test_bug_fixes.TestUpdateProfile" name="test_update_no_fields_error" time="1.026" /><testcase classname="backend.tests.test_bug_fixes.TestUpdateProfile" name="test_update_invalid_user_id" time="0.793" /><testcase classname="backend.tests.test_bug_fixes.TestUpdateProfile" name="test_update_nonexistent_user" time="0.790" /><testcase classname="backend.tests.test_bug_fixes.TestTournamentsPrizeMoney" name="test_tournaments_list_has_prizeMoney_field" time="0.354" /><testcase classname="backend.tests.test_bug_fixes.TestTournamentsPrizeMoney" name="test_tournaments_wta_has_prizeMoney" time="0.525" /><testcase classname="backend.tests.test_bug_fixes.TestTournamentWeeksPrizeMoney" name="test_weeks_endpoint_includes_prizeMoney" time="0.534" /><testcase classname="backend.tests.test_bug_fixes.TestTournamentWeeksPrizeMoney" name="test_weeks_multiple_circuits" time="0.574" /><testcase classname="backend.tests.test_bug_fixes.TestTournamentStats" name="test_stats_endpoint" time="0.811" /><testcase classname="backend.tests.test_bug_fixes.TestExistingUser" name="test_get_existing_user_by_email" time="0.711" /></testsuite></testsuites>