<?xml version="1.0" encoding="utf-8"?><testsuites name="pytest tests"><testsuite name="pytest" errors="0" failures="1" skipped="0" tests="40" time="30.309" timestamp="2026-02-06T04:51:37.066256+00:00" hostname="agent-env-450a3b5f-a023-411c-914d-f933e360ca34"><testcase classname="backend.tests.test_all_endpoints.TestHealthEndpoint" name="test_health_returns_200" time="0.490" /><testcase classname="backend.tests.test_all_endpoints.TestStaffEndpoints" name="test_list_all_staff" time="0.780" /><testcase classname="backend.tests.test_all_endpoints.TestStaffEndpoints" name="test_get_single_staff" time="0.762" /><testcase classname="backend.tests.test_all_endpoints.TestStaffEndpoints" name="test_get_staff_not_found" time="0.452" /><testcase classname="backend.tests.test_all_endpoints.TestTournamentEndpoints" name="test_list_all_tournaments" time="0.364" /><testcase classname="backend.tests.test_all_endpoints.TestTournamentEndpoints" name="test_filter_by_atp_circuit" time="0.765" /><testcase classname="backend.tests.test_all_endpoints.TestTournamentEndpoints" name="test_filter_by_wta_circuit" time="0.661" /><testcase classname="backend.tests.test_all_endpoints.TestTournamentEndpoints" name="test_filter_by_itf_circuit" time="0.457" /><testcase classname="backend.tests.test_all_endpoints.TestTournamentEndpoints" name="test_filter_by_itf_wheelchair_circuit" time="0.460" /><testcase classname="backend.tests.test_all_endpoints.TestTournamentEndpoints" name="test_tournament_weeks_atp_only" time="0.365" /><testcase classname="backend.tests.test_all_endpoints.TestTournamentEndpoints" name="test_tournament_weeks_wta_only" time="0.761" /><testcase classname="backend.tests.test_all_endpoints.TestTournamentEndpoints" name="test_tournament_weeks_combined_circuits" time="0.462" /><testcase classname="backend.tests.test_all_endpoints.TestTournamentRegistration" name="test_register_tournament_participating" time="0.142"><failure message="assert 520 == 200&#10; +  where 520 = &lt;Response [520]&gt;.status_code">backend/tests/test_all_endpoints.py:208: in test_register_tournament_participating
    assert response.status_code == 200
E   assert 520 == 200
E    +  where 520 = &lt;Response [520]&gt;.status_code</failure></testcase><testcase classname="backend.tests.test_all_endpoints.TestTournamentRegistration" name="test_participating_hides_same_week_tournaments" time="1.226" /><testcase classname="backend.tests.test_all_endpoints.TestTournamentRegistration" name="test_register_tournament_interested" time="0.447" /><testcase classname="backend.tests.test_all_endpoints.TestTournamentRegistration" name="test_register_invalid_status" time="0.656" /><testcase classname="backend.tests.test_all_endpoints.TestTournamentRegistration" name="test_register_nonexistent_tournament" time="0.346" /><testcase classname="backend.tests.test_all_endpoints.TestTournamentRegistration" name="test_hide_tournament" time="0.349" /><testcase classname="backend.tests.test_all_endpoints.TestTournamentRegistration" name="test_unhide_tournament" time="0.817" /><testcase classname="backend.tests.test_all_endpoints.TestEventEndpoints" name="test_list_all_events" time="0.342" /><testcase classname="backend.tests.test_all_endpoints.TestEventEndpoints" name="test_filter_events_by_month" time="0.454" /><testcase classname="backend.tests.test_all_endpoints.TestEventEndpoints" name="test_create_event" time="0.457" /><testcase classname="backend.tests.test_all_endpoints.TestEventEndpoints" name="test_get_created_event" time="0.792" /><testcase classname="backend.tests.test_all_endpoints.TestEventEndpoints" name="test_update_event" time="1.820" /><testcase classname="backend.tests.test_all_endpoints.TestEventEndpoints" name="test_delete_event" time="1.485" /><testcase classname="backend.tests.test_all_endpoints.TestEventEndpoints" name="test_add_observation_to_event" time="1.252" /><testcase classname="backend.tests.test_all_endpoints.TestEventEndpoints" name="test_add_observation_event_not_found" time="0.443" /><testcase classname="backend.tests.test_all_endpoints.TestAlertEndpoints" name="test_list_all_alerts" time="0.443" /><testcase classname="backend.tests.test_all_endpoints.TestAlertEndpoints" name="test_mark_alert_read" time="1.221" /><testcase classname="backend.tests.test_all_endpoints.TestAlertEndpoints" name="test_dismiss_alert" time="1.219" /><testcase classname="backend.tests.test_all_endpoints.TestAlertEndpoints" name="test_mark_all_alerts_read" time="1.123" /><testcase classname="backend.tests.test_all_endpoints.TestAlertEndpoints" name="test_generate_alerts" time="0.802" /><testcase classname="backend.tests.test_all_endpoints.TestAlertEndpoints" name="test_mark_nonexistent_alert_read" time="0.448" /><testcase classname="backend.tests.test_all_endpoints.TestPreferenceEndpoints" name="test_get_preferences_default" time="0.449" /><testcase classname="backend.tests.test_all_endpoints.TestPreferenceEndpoints" name="test_update_voyage_preferences" time="1.129" /><testcase classname="backend.tests.test_all_endpoints.TestPreferenceEndpoints" name="test_update_hotel_preferences" time="0.454" /><testcase classname="backend.tests.test_all_endpoints.TestPreferenceEndpoints" name="test_update_food_preferences" time="0.674" /><testcase classname="backend.tests.test_all_endpoints.TestEmailEndpoints" name="test_send_tournament_alert_email" time="0.939" /><testcase classname="backend.tests.test_all_endpoints.TestEmailEndpoints" name="test_tournament_alert_validation" time="0.449" /><testcase classname="backend.tests.test_all_endpoints.TestCleanup" name="test_cleanup_test_events" time="3.001" /></testsuite></testsuites>