<?xml version="1.0" encoding="utf-8"?><testsuites name="pytest tests"><testsuite name="pytest" errors="0" failures="0" skipped="0" tests="15" time="13.527" timestamp="2026-02-10T03:38:37.418383+00:00" hostname="agent-env-8b18b3cd-ad3f-437c-b2d5-7dfe0c9630fc"><testcase classname="backend.tests.test_user_and_documents.TestDocumentsStats" name="test_get_documents_stats_success" time="0.480" /><testcase classname="backend.tests.test_user_and_documents.TestDocumentsStats" name="test_get_documents_stats_with_user_filter" time="0.451" /><testcase classname="backend.tests.test_user_and_documents.TestDocumentsStats" name="test_get_documents_stats_with_date_filter" time="0.463" /><testcase classname="backend.tests.test_user_and_documents.TestDocumentsCategories" name="test_get_categories_success" time="0.655" /><testcase classname="backend.tests.test_user_and_documents.TestDocumentsCategories" name="test_categories_have_correct_labels" time="0.460" /><testcase classname="backend.tests.test_user_and_documents.TestUserOnboarding" name="test_create_user_with_all_fields" time="0.803" /><testcase classname="backend.tests.test_user_and_documents.TestUserOnboarding" name="test_create_user_minimal_fields" time="0.767" /><testcase classname="backend.tests.test_user_and_documents.TestUserOnboarding" name="test_update_existing_user" time="1.531" /><testcase classname="backend.tests.test_user_and_documents.TestUserOnboarding" name="test_create_user_missing_required_fields" time="0.737" /><testcase classname="backend.tests.test_user_and_documents.TestUserProfileByEmail" name="test_get_profile_by_email_success" time="0.703" /><testcase classname="backend.tests.test_user_and_documents.TestUserProfileByEmail" name="test_get_profile_by_email_not_found" time="0.442" /><testcase classname="backend.tests.test_user_and_documents.TestUserProfileByEmail" name="test_get_profile_by_email_special_characters" time="0.815" /><testcase classname="backend.tests.test_user_and_documents.TestIntegration" name="test_full_user_flow" time="2.081" /><testcase classname="backend.tests.test_user_and_documents.TestIntegration" name="test_documents_and_categories_available" time="1.427" /><testcase classname="backend.tests.test_user_and_documents.TestSpecificUser" name="test_create_or_get_romain_user" time="1.627" /></testsuite></testsuites>