<?xml version="1.0" encoding="utf-8"?><testsuites name="pytest tests"><testsuite name="pytest" errors="0" failures="0" skipped="0" tests="25" time="21.616" timestamp="2026-02-11T04:06:44.982321+00:00" hostname="agent-env-7b4839df-4bfd-41d3-b27e-d112c71de902"><testcase classname="backend.tests.test_tournament_phase2.TestTournamentCategoryField" name="test_get_tournaments_has_category_field" time="0.379" /><testcase classname="backend.tests.test_tournament_phase2.TestTournamentCategoryField" name="test_category_values_are_valid" time="0.459" /><testcase classname="backend.tests.test_tournament_phase2.TestTournamentCategoryField" name="test_wta_tournaments_have_category_field" time="0.452" /><testcase classname="backend.tests.test_tournament_phase2.TestTournamentCategoryField" name="test_itf_tournaments_have_category_field" time="0.446" /><testcase classname="backend.tests.test_tournament_phase2.TestTournamentWeeksWithCategoryAndSurface" name="test_weeks_tournament_has_category_field" time="0.348" /><testcase classname="backend.tests.test_tournament_phase2.TestTournamentWeeksWithCategoryAndSurface" name="test_weeks_tournament_has_surface_field" time="0.468" /><testcase classname="backend.tests.test_tournament_phase2.TestTournamentWeeksWithCategoryAndSurface" name="test_weeks_surface_values_are_valid" time="0.460" /><testcase classname="backend.tests.test_tournament_phase2.TestTournamentRegistrationPendingStatus" name="test_register_sets_status_to_pending" time="0.796" /><testcase classname="backend.tests.test_tournament_phase2.TestTournamentRegistrationPendingStatus" name="test_pending_status_persists_in_weeks" time="1.130" /><testcase classname="backend.tests.test_tournament_phase2.TestStatusTransitionsFromPending" name="test_transition_pending_to_participating" time="0.819" /><testcase classname="backend.tests.test_tournament_phase2.TestStatusTransitionsFromPending" name="test_transition_pending_to_declined" time="1.116" /><testcase classname="backend.tests.test_tournament_phase2.TestStatusTransitionsFromPending" name="test_participating_status_persists" time="1.127" /><testcase classname="backend.tests.test_tournament_phase2.TestStatusTransitionsFromPending" name="test_declined_status_persists" time="1.111" /><testcase classname="backend.tests.test_tournament_phase2.TestHideUnhideTournament" name="test_hide_tournament_returns_success" time="1.113" /><testcase classname="backend.tests.test_tournament_phase2.TestHideUnhideTournament" name="test_hidden_tournament_shows_in_weeks_as_hidden_true" time="1.253" /><testcase classname="backend.tests.test_tournament_phase2.TestHideUnhideTournament" name="test_unhide_tournament_returns_success" time="1.207" /><testcase classname="backend.tests.test_tournament_phase2.TestHideUnhideTournament" name="test_unhide_tournament_shows_in_weeks_as_hidden_false" time="1.554" /><testcase classname="backend.tests.test_tournament_phase2.TestAllValidStatuses" name="test_all_valid_statuses_accepted[interested]" time="0.775" /><testcase classname="backend.tests.test_tournament_phase2.TestAllValidStatuses" name="test_all_valid_statuses_accepted[pending]" time="0.344" /><testcase classname="backend.tests.test_tournament_phase2.TestAllValidStatuses" name="test_all_valid_statuses_accepted[accepted]" time="0.447" /><testcase classname="backend.tests.test_tournament_phase2.TestAllValidStatuses" name="test_all_valid_statuses_accepted[participating]" time="0.448" /><testcase classname="backend.tests.test_tournament_phase2.TestAllValidStatuses" name="test_all_valid_statuses_accepted[declined]" time="0.360" /><testcase classname="backend.tests.test_tournament_phase2.TestEdgeCases" name="test_register_invalid_status_returns_400" time="0.341" /><testcase classname="backend.tests.test_tournament_phase2.TestEdgeCases" name="test_register_nonexistent_tournament_returns_404" time="0.668" /><testcase classname="backend.tests.test_tournament_phase2.TestEdgeCases" name="test_hide_and_register_removes_registration" time="3.906" /></testsuite></testsuites>