<?xml version="1.0" encoding="utf-8"?><testsuites name="pytest tests"><testsuite name="pytest" errors="0" failures="0" skipped="0" tests="13" time="90.269" timestamp="2026-02-07T01:00:41.043110+00:00" hostname="agent-env-24a390a2-c85b-4aae-bc11-cc703c705b78"><testcase classname="tests.test_ocr_endpoints.TestHealthEndpoint" name="test_health_check" time="0.475" /><testcase classname="tests.test_ocr_endpoints.TestCategoriesEndpoint" name="test_get_categories" time="0.445" /><testcase classname="tests.test_ocr_endpoints.TestInvoiceAnalyzeBase64Endpoint" name="test_analyze_restaurant_receipt" time="15.286" /><testcase classname="tests.test_ocr_endpoints.TestInvoiceAnalyzeBase64Endpoint" name="test_analyze_hotel_receipt_with_ht_tva" time="16.429" /><testcase classname="tests.test_ocr_endpoints.TestInvoiceAnalyzeBase64Endpoint" name="test_analyze_medical_receipt" time="13.692" /><testcase classname="tests.test_ocr_endpoints.TestInvoiceAnalyzeBase64Endpoint" name="test_analyze_travel_receipt" time="8.300" /><testcase classname="tests.test_ocr_endpoints.TestInvoiceAnalyzeBase64Endpoint" name="test_invalid_base64" time="0.460" /><testcase classname="tests.test_ocr_endpoints.TestDocumentsAnalyzeEndpoint" name="test_legacy_analyze_endpoint" time="7.364" /><testcase classname="tests.test_ocr_endpoints.TestInvoiceUploadEndpoint" name="test_upload_png_image" time="7.056" /><testcase classname="tests.test_ocr_endpoints.TestInvoiceUploadEndpoint" name="test_upload_jpeg_image" time="6.149" /><testcase classname="tests.test_ocr_endpoints.TestInvoiceUploadEndpoint" name="test_upload_empty_file" time="0.471" /><testcase classname="tests.test_ocr_endpoints.TestOCRDataValidation" name="test_confidence_score_range" time="7.220" /><testcase classname="tests.test_ocr_endpoints.TestOCRDataValidation" name="test_needs_review_flag" time="6.837" /></testsuite></testsuites>