<?xml version="1.0" encoding="utf-8"?><testsuites name="pytest tests"><testsuite name="pytest" errors="0" failures="0" skipped="0" tests="20" time="20.320" timestamp="2026-02-11T04:23:17.493715+00:00" hostname="agent-env-7b4839df-4bfd-41d3-b27e-d112c71de902"><testcase classname="backend.tests.test_tournament_conflicts.TestConflictsEndpointBasic" name="test_conflicts_endpoint_returns_200_for_valid_tournament" time="0.492" /><testcase classname="backend.tests.test_tournament_conflicts.TestConflictsEndpointBasic" name="test_conflicts_endpoint_returns_404_for_nonexistent" time="0.450" /><testcase classname="backend.tests.test_tournament_conflicts.TestConflictsEndpointBasic" name="test_conflicts_response_has_required_fields" time="0.454" /><testcase classname="backend.tests.test_tournament_conflicts.TestConflictsEndpointBasic" name="test_tournament_field_structure" time="0.671" /><testcase classname="backend.tests.test_tournament_conflicts.TestConflictsEndpointBasic" name="test_calendar_events_is_array" time="0.343" /><testcase classname="backend.tests.test_tournament_conflicts.TestConflictsEndpointBasic" name="test_conflicting_tournaments_is_array" time="0.454" /><testcase classname="backend.tests.test_tournament_conflicts.TestConflictsEndpointBasic" name="test_total_conflicts_is_integer" time="0.456" /><testcase classname="backend.tests.test_tournament_conflicts.TestConflictsDetection" name="test_detects_conflict_with_pending_tournament" time="1.032" /><testcase classname="backend.tests.test_tournament_conflicts.TestConflictsDetection" name="test_detects_conflict_with_participating_tournament" time="0.907" /><testcase classname="backend.tests.test_tournament_conflicts.TestConflictsDetection" name="test_detects_conflict_with_interested_tournament" time="0.818" /><testcase classname="backend.tests.test_tournament_conflicts.TestConflictsDetection" name="test_no_conflict_with_declined_tournament" time="1.235" /><testcase classname="backend.tests.test_tournament_conflicts.TestConflictsDetection" name="test_no_conflict_when_tournament_hidden" time="1.038" /><testcase classname="backend.tests.test_tournament_conflicts.TestConflictTotalCount" name="test_total_conflicts_matches_array_lengths" time="0.802" /><testcase classname="backend.tests.test_tournament_conflicts.TestConflictTotalCount" name="test_zero_conflicts_when_no_registered_overlapping" time="1.240" /><testcase classname="backend.tests.test_tournament_conflicts.TestConflictingTournamentStructure" name="test_conflicting_tournament_has_required_fields" time="0.910" /><testcase classname="backend.tests.test_tournament_conflicts.TestConflictingTournamentStructure" name="test_conflicting_tournament_type_is_tournament" time="0.802" /><testcase classname="backend.tests.test_tournament_conflicts.TestRegistrationFlowIntegration" name="test_register_with_different_statuses" time="1.802" /><testcase classname="backend.tests.test_tournament_conflicts.TestRegistrationFlowIntegration" name="test_registration_status_persists_in_weeks" time="0.874" /><testcase classname="backend.tests.test_tournament_conflicts.TestReverseConflictCheck" name="test_conflict_is_bidirectional" time="0.790" /><testcase classname="backend.tests.test_tournament_conflicts.TestNonOverlappingTournaments" name="test_no_conflicts_for_different_weeks" time="4.668" /></testsuite></testsuites>