<?xml version="1.0" encoding="utf-8"?><testsuites name="pytest tests"><testsuite name="pytest" errors="0" failures="0" skipped="0" tests="19" time="13.090" timestamp="2026-02-06T04:29:27.602312+00:00" hostname="agent-env-450a3b5f-a023-411c-914d-f933e360ca34"><testcase classname="tests.test_email_endpoints.TestHealthEndpoint" name="test_health_returns_200" time="0.484" /><testcase classname="tests.test_email_endpoints.TestGenericEmailEndpoint" name="test_send_email_missing_fields" time="0.447" /><testcase classname="tests.test_email_endpoints.TestGenericEmailEndpoint" name="test_send_email_partial_fields" time="0.772" /><testcase classname="tests.test_email_endpoints.TestGenericEmailEndpoint" name="test_send_email_to_unverified_address" time="0.729" /><testcase classname="tests.test_email_endpoints.TestGenericEmailEndpoint" name="test_send_email_to_verified_address" time="0.586" /><testcase classname="tests.test_email_endpoints.TestTournamentAlertEndpoint" name="test_tournament_alert_missing_fields" time="0.760" /><testcase classname="tests.test_email_endpoints.TestTournamentAlertEndpoint" name="test_tournament_alert_partial_fields" time="0.659" /><testcase classname="tests.test_email_endpoints.TestTournamentAlertEndpoint" name="test_tournament_alert_to_unverified_address" time="0.664" /><testcase classname="tests.test_email_endpoints.TestTournamentAlertEndpoint" name="test_tournament_alert_to_verified_address" time="0.615" /><testcase classname="tests.test_email_endpoints.TestTournamentAlertEndpoint" name="test_tournament_alert_response_structure" time="0.714" /><testcase classname="tests.test_email_endpoints.TestObservationNotificationEndpoint" name="test_observation_notification_missing_fields" time="0.765" /><testcase classname="tests.test_email_endpoints.TestObservationNotificationEndpoint" name="test_observation_notification_partial_fields" time="0.358" /><testcase classname="tests.test_email_endpoints.TestObservationNotificationEndpoint" name="test_observation_notification_to_unverified_address" time="0.625" /><testcase classname="tests.test_email_endpoints.TestObservationNotificationEndpoint" name="test_observation_notification_to_verified_address" time="0.999" /><testcase classname="tests.test_email_endpoints.TestObservationNotificationEndpoint" name="test_observation_notification_response_structure" time="0.689" /><testcase classname="tests.test_email_endpoints.TestEmailEndpointEdgeCases" name="test_invalid_email_format_generic" time="0.672" /><testcase classname="tests.test_email_endpoints.TestEmailEndpointEdgeCases" name="test_empty_html_content" time="0.900" /><testcase classname="tests.test_email_endpoints.TestEmailEndpointEdgeCases" name="test_long_observation_text" time="0.915" /><testcase classname="tests.test_email_endpoints.TestEmailEndpointEdgeCases" name="test_special_characters_in_fields" time="0.667" /></testsuite></testsuites>